[2016-03-22 22:12:07] START
[2016-03-22 22:25:31] EDIT TheChef/views/default/index.html: 1
[2016-03-23 10:23:05] DELETE TheChef/views/plugin_layouts/layouts/Pressurized.html: -197
[2016-03-23 12:08:18] EDIT TheChef/models/db.py: 8
[2016-03-23 12:46:41] EDIT TheChef/controllers/default.py: 4
[2016-03-23 12:47:45] EDIT TheChef/models/db.py: 0
[2016-03-23 12:48:48] EDIT TheChef/models/db.py: 0
[2016-03-23 12:49:21] EDIT TheChef/controllers/default.py: 0
[2016-03-24 09:55:34] EDIT TheChef/controllers/default.py: 0
[2016-03-24 09:56:03] EDIT TheChef/controllers/default.py: 0
[2016-03-26 15:32:09] EDIT TheChef/controllers/default.py: 20
[2016-03-26 15:32:36] EDIT TheChef/controllers/default.py: 0
[2016-03-26 15:33:25] EDIT TheChef/controllers/default.py: 0
[2016-03-26 15:42:45] EDIT TheChef/controllers/default.py: 0
[2016-03-26 15:51:37] CREATE create.html: 0
[2016-03-26 15:51:47] DELETE TheChef/views/create.html: -3
[2016-03-26 15:52:04] CREATE default/create.html: 0
[2016-03-26 15:53:00] EDIT TheChef/views/default/create.html: 1
[2016-03-26 15:53:12] EDIT TheChef/views/default/create.html: -1
[2016-03-26 15:55:09] EDIT TheChef/controllers/default.py: 0
[2016-03-26 16:54:14] EDIT TheChef/models/db.py: 0
[2016-03-26 16:55:36] EDIT TheChef/models/db.py: 0
[2016-03-26 18:01:15] EDIT TheChef/models/db.py: 0
[2016-03-26 18:03:10] EDIT TheChef/models/db.py: 0
[2016-03-26 18:07:23] EDIT TheChef/models/db.py: 0
[2016-03-26 18:08:10] EDIT TheChef/models/db.py: 0
[2016-03-26 18:09:25] EDIT TheChef/models/db.py: 0
[2016-03-26 18:10:09] EDIT TheChef/models/db.py: 0
[2016-03-26 18:12:06] CREATE default/edit.html: 0
[2016-03-26 18:12:24] EDIT TheChef/views/default/edit.html: 0
[2016-03-26 18:17:22] DELETE TheChef/views/default/edit.html: -3
[2016-03-26 18:21:19] EDIT TheChef/controllers/default.py: 0
[2016-03-26 18:21:48] EDIT TheChef/controllers/default.py: 0
[2016-03-26 18:55:23] EDIT TheChef/controllers/default.py: 0
[2016-03-26 19:04:05] EDIT TheChef/controllers/default.py: 0
[2016-03-26 19:14:09] EDIT TheChef/models/db.py: 0
[2016-03-26 19:22:01] EDIT TheChef/views/default/index.html: 0
[2016-03-26 19:22:18] EDIT TheChef/views/default/index.html: 0
[2016-03-26 19:29:33] EDIT TheChef/views/default/index.html: 8
[2016-03-26 19:32:47] EDIT TheChef/views/default/index.html: 0
[2016-03-26 19:32:50] EDIT TheChef/views/default/index.html: 0
[2016-03-26 22:28:50] EDIT TheChef/views/default/index.html: 0
[2016-03-26 22:43:11] EDIT TheChef/views/default/index.html: 1
[2016-03-26 22:44:03] EDIT TheChef/views/default/index.html: 0
[2016-03-26 22:45:18] EDIT TheChef/views/default/index.html: 1
[2016-03-26 22:50:00] EDIT TheChef/views/default/index.html: 1
[2016-03-26 22:51:16] EDIT TheChef/views/default/index.html: -1
[2016-03-26 22:57:19] EDIT TheChef/views/default/index.html: -2
[2016-03-26 23:04:34] EDIT TheChef/controllers/default.py: 2
[2016-03-26 23:16:18] EDIT TheChef/controllers/default.py: -2
[2016-03-26 23:23:20] EDIT TheChef/views/default/index.html: -1
[2016-03-26 23:37:13] EDIT TheChef/views/default/index.html: -9
[2016-03-26 23:38:21] EDIT TheChef/views/default/index.html: 0
[2016-03-26 23:39:58] EDIT TheChef/views/default/index.html: 6
[2016-03-26 23:40:40] EDIT TheChef/views/default/index.html: 1
[2016-03-26 23:42:31] EDIT TheChef/views/default/index.html: 2
[2016-03-26 23:45:45] EDIT TheChef/views/default/index.html: 0
[2016-03-26 23:47:28] EDIT TheChef/views/default/index.html: 0
[2016-03-27 09:15:50] EDIT TheChef/controllers/default.py: 6
[2016-03-27 09:16:29] EDIT TheChef/controllers/default.py: 0
[2016-03-27 09:16:31] EDIT TheChef/controllers/default.py: 0
[2016-03-27 09:16:52] EDIT TheChef/controllers/default.py: 0
[2016-03-27 09:28:25] EDIT TheChef/views/default/index.html: 16
[2016-03-27 09:29:25] EDIT TheChef/views/default/index.html: 1
[2016-03-27 09:32:49] EDIT TheChef/views/default/index.html: -1
[2016-03-27 09:46:41] EDIT TheChef/views/default/index.html: 0
[2016-03-27 09:55:23] EDIT TheChef/views/default/index.html: 1
[2016-03-27 09:56:37] EDIT TheChef/views/default/index.html: -5
[2016-03-27 09:57:08] EDIT TheChef/views/default/index.html: 0
[2016-03-27 10:01:37] EDIT TheChef/views/default/index.html: 0
[2016-03-27 10:08:15] EDIT TheChef/views/default/index.html: 0
[2016-03-27 10:14:07] EDIT TheChef/controllers/default.py: 0
[2016-03-27 10:38:17] EDIT TheChef/views/default/index.html: 0
[2016-03-27 10:38:51] EDIT TheChef/views/default/index.html: 1
[2016-03-27 10:39:40] EDIT TheChef/views/default/index.html: 0
[2016-03-27 11:52:21] EDIT TheChef/views/default/index.html: -1
[2016-03-27 11:57:38] EDIT TheChef/views/default/index.html: 10
[2016-03-27 11:58:46] EDIT TheChef/views/default/index.html: 1
[2016-03-27 12:04:16] EDIT TheChef/views/default/index.html: -1
[2016-03-27 12:08:21] EDIT TheChef/views/default/index.html: 0
[2016-03-27 12:09:55] EDIT TheChef/views/default/index.html: 0
[2016-03-27 12:10:26] EDIT TheChef/views/default/index.html: 0
[2016-03-27 12:19:17] EDIT TheChef/views/default/index.html: 0
[2016-03-27 12:21:19] EDIT TheChef/views/default/index.html: 0
[2016-03-27 12:24:27] EDIT TheChef/models/db.py: 1
[2016-03-27 12:25:53] EDIT TheChef/views/default/index.html: 0
[2016-03-27 12:34:05] EDIT TheChef/views/default/index.html: 0
[2016-03-27 12:34:47] EDIT TheChef/models/db.py: 0
[2016-03-27 15:47:42] EDIT TheChef/models/db.py: 0
[2016-03-27 15:48:00] EDIT TheChef/models/db.py: 0
[2016-03-27 15:48:01] EDIT TheChef/models/db.py: 0
[2016-03-27 15:49:02] EDIT TheChef/models/db.py: 0
[2016-03-27 15:49:54] EDIT TheChef/models/db.py: 0
[2016-03-27 15:53:09] EDIT TheChef/controllers/default.py: 1
[2016-03-27 15:57:42] EDIT TheChef/controllers/default.py: 0
[2016-03-27 16:08:42] EDIT TheChef/models/db.py: -1
[2016-03-27 16:14:54] EDIT TheChef/views/default/index.html: 2
[2016-03-27 16:32:05] EDIT TheChef/views/default/index.html: 0
[2016-03-27 16:32:06] EDIT TheChef/views/default/index.html: 0
[2016-03-27 16:38:24] EDIT TheChef/views/default/index.html: 0
[2016-03-27 16:38:49] EDIT TheChef/views/default/index.html: -1
[2016-03-27 16:39:19] EDIT TheChef/views/default/index.html: 1
[2016-03-27 16:48:26] EDIT TheChef/views/default/index.html: 0
[2016-03-27 16:52:54] EDIT TheChef/models/db.py: 0
[2016-03-27 16:54:03] EDIT TheChef/views/default/index.html: 0
[2016-03-27 17:01:03] EDIT TheChef/views/default/index.html: 1
[2016-03-27 17:02:06] EDIT TheChef/views/default/index.html: 0
[2016-03-27 20:04:02] EDIT TheChef/views/default/index.html: 1
[2016-03-27 20:04:52] EDIT TheChef/views/default/index.html: 0
[2016-03-27 20:05:13] EDIT TheChef/models/db.py: 1
[2016-03-27 20:08:33] EDIT TheChef/models/db.py: 0
[2016-03-27 20:09:18] EDIT TheChef/views/default/index.html: 0
[2016-03-27 20:10:04] EDIT TheChef/views/default/index.html: 0
[2016-03-27 20:10:28] EDIT TheChef/models/db.py: 0
[2016-03-27 20:10:42] EDIT TheChef/models/db.py: -1
[2016-03-27 20:15:52] EDIT TheChef/views/layout.html: 0
[2016-03-27 20:17:38] EDIT TheChef/static/css/web2py.css: 0
[2016-03-27 20:17:43] EDIT TheChef/static/css/web2py.css: 0
[2016-03-27 20:19:05] EDIT TheChef/static/css/web2py.css: 0
[2016-03-27 20:21:33] EDIT TheChef/static/css/web2py.css: 0
[2016-03-27 20:22:47] EDIT TheChef/views/default/index.html: 0
[2016-03-27 20:23:48] EDIT TheChef/views/default/index.html: 0
[2016-03-27 20:25:21] EDIT TheChef/static/css/web2py.css: 3
[2016-03-27 20:46:03] EDIT TheChef/views/default/index.html: 0
[2016-03-27 21:00:51] EDIT TheChef/views/default/index.html: 0
[2016-03-27 21:35:35] EDIT TheChef/views/plugin_layouts/layouts/Pressurized.html: 4
[2016-03-27 21:40:54] EDIT TheChef/controllers/default.py: 1
[2016-03-27 21:58:07] EDIT TheChef/static/plugin_layouts/layouts/Pressurized/style.css: 3
[2016-03-27 22:00:27] EDIT TheChef/controllers/default.py: 0
[2016-03-27 22:02:44] EDIT TheChef/views/default/index.html: 1
[2016-03-27 22:07:26] EDIT TheChef/views/default/index.html: 0
[2016-03-27 22:07:48] EDIT TheChef/views/default/index.html: 0
[2016-03-27 22:08:13] EDIT TheChef/views/default/index.html: 0
[2016-03-27 22:11:01] EDIT TheChef/views/default/index.html: 0
[2016-03-27 22:21:19] EDIT TheChef/views/default/index.html: -1
[2016-03-27 22:24:58] EDIT TheChef/views/default/index.html: 0
[2016-03-27 22:30:36] EDIT TheChef/views/default/index.html: -70
[2016-03-27 22:31:13] EDIT TheChef/views/default/index.html: -2
[2016-03-27 22:37:12] EDIT TheChef/views/default/index.html: 5
[2016-03-27 22:37:50] EDIT TheChef/views/default/index.html: 0
[2016-03-27 22:48:44] EDIT TheChef/views/default/index.html: 2
[2016-03-27 22:58:47] EDIT TheChef/controllers/default.py: 2
[2016-03-27 23:04:07] EDIT TheChef/views/default/index.html: 0
[2016-03-27 23:13:12] EDIT TheChef/views/default/index.html: 0
[2016-03-27 23:16:09] EDIT TheChef/views/default/index.html: 0
[2016-03-27 23:17:32] EDIT TheChef/views/default/index.html: 0
[2016-03-27 23:19:46] EDIT TheChef/views/default/index.html: 3
[2016-03-27 23:22:00] EDIT TheChef/views/default/index.html: -1
[2016-03-27 23:23:11] EDIT TheChef/views/default/index.html: 0
[2016-03-27 23:23:48] EDIT TheChef/views/default/index.html: 0
[2016-03-27 23:24:22] EDIT TheChef/views/default/index.html: 0
[2016-03-27 23:25:56] EDIT TheChef/views/default/index.html: 0
[2016-03-27 23:30:59] EDIT TheChef/views/default/index.html: 0
[2016-03-27 23:31:42] EDIT TheChef/views/default/index.html: 0
[2016-03-27 23:33:39] EDIT TheChef/views/default/index.html: 0
[2016-03-27 23:35:12] EDIT TheChef/views/default/index.html: -2
[2016-03-27 23:35:36] EDIT TheChef/views/default/index.html: 0
[2016-03-27 23:36:12] EDIT TheChef/views/default/index.html: 0
[2016-03-27 23:36:50] EDIT TheChef/views/default/index.html: 0
[2016-03-27 23:37:25] EDIT TheChef/views/default/index.html: -1
[2016-03-27 23:37:55] EDIT TheChef/views/default/index.html: -1
[2016-03-27 23:38:24] EDIT TheChef/views/default/index.html: 0
[2016-03-27 23:39:25] EDIT TheChef/views/default/index.html: 0
[2016-03-27 23:39:49] EDIT TheChef/views/default/index.html: -2
[2016-03-27 23:41:40] EDIT TheChef/views/default/index.html: 0
[2016-03-27 23:42:23] EDIT TheChef/views/default/index.html: -3
[2016-03-27 23:47:41] EDIT TheChef/views/default/index.html: 9
[2016-03-27 23:49:45] EDIT TheChef/views/default/index.html: 0
[2016-03-27 23:50:14] EDIT TheChef/views/default/index.html: 0
[2016-03-27 23:50:27] EDIT TheChef/views/default/index.html: 0
[2016-03-27 23:51:20] EDIT TheChef/views/default/index.html: 0
[2016-03-27 23:59:24] EDIT TheChef/views/default/index.html: 0
[2016-03-27 23:59:38] EDIT TheChef/views/default/index.html: 0
[2016-03-28 00:00:39] EDIT TheChef/views/default/index.html: 0
[2016-03-28 00:03:52] EDIT TheChef/views/default/index.html: 0
[2016-03-28 00:04:15] EDIT TheChef/views/default/index.html: 0
[2016-03-28 00:04:32] EDIT TheChef/views/default/index.html: 0
[2016-03-28 00:05:42] EDIT TheChef/views/default/index.html: 0
[2016-03-28 00:06:07] EDIT TheChef/views/default/index.html: 0
[2016-03-28 00:11:27] EDIT TheChef/views/default/index.html: 0
[2016-03-28 00:12:54] EDIT TheChef/views/default/index.html: 0
[2016-03-28 00:12:54] EDIT TheChef/views/default/index.html: 0
[2016-03-28 00:13:34] EDIT TheChef/views/default/index.html: 0
[2016-03-28 00:14:15] EDIT TheChef/views/default/index.html: 0
[2016-03-28 00:15:07] EDIT TheChef/views/default/index.html: 0
[2016-03-28 00:15:28] EDIT TheChef/views/default/index.html: 0
[2016-03-28 00:15:59] EDIT TheChef/views/default/index.html: 0
[2016-03-28 00:23:12] EDIT TheChef/views/default/index.html: 5
[2016-03-28 00:23:44] EDIT TheChef/views/default/index.html: 0
[2016-03-28 00:32:40] EDIT TheChef/views/default/index.html: 0
[2016-03-28 00:32:41] EDIT TheChef/views/default/index.html: 0
[2016-03-28 00:33:26] EDIT TheChef/views/default/index.html: 0
[2016-03-28 00:33:32] EDIT TheChef/views/default/index.html: 0
[2016-03-28 00:33:41] EDIT TheChef/views/default/index.html: 0
[2016-03-28 00:35:14] EDIT TheChef/views/default/index.html: 0
[2016-03-28 00:41:45] EDIT TheChef/views/default/index.html: 6
[2016-03-28 00:42:17] EDIT TheChef/views/default/index.html: 0
[2016-03-28 00:42:43] EDIT TheChef/controllers/default.py: 0
[2016-03-28 00:52:59] EDIT TheChef/views/default/index.html: 0
[2016-03-28 00:59:03] EDIT TheChef/views/default/index.html: 0
[2016-03-28 01:00:13] EDIT TheChef/views/default/index.html: 0
[2016-03-28 01:01:26] EDIT TheChef/views/default/index.html: 0
[2016-03-28 01:06:13] EDIT TheChef/views/default/index.html: 0
[2016-03-28 01:08:00] EDIT TheChef/views/default/index.html: 0
[2016-03-28 01:08:24] EDIT TheChef/views/default/index.html: 0
[2016-03-28 01:09:13] EDIT TheChef/views/default/index.html: 0
[2016-03-28 01:10:24] EDIT TheChef/views/default/index.html: 0
[2016-03-28 01:10:41] EDIT TheChef/views/default/index.html: 0
[2016-03-28 01:11:20] EDIT TheChef/views/default/index.html: 0
[2016-03-28 01:11:55] EDIT TheChef/views/default/index.html: 0
[2016-03-28 01:13:38] EDIT TheChef/views/default/index.html: 0
[2016-03-28 01:30:47] EDIT TheChef/controllers/default.py: 3
[2016-03-28 01:30:59] EDIT TheChef/controllers/default.py: 0
[2016-03-28 01:31:25] EDIT TheChef/controllers/default.py: 0
[2016-03-28 01:33:20] EDIT TheChef/controllers/default.py: 0
[2016-03-28 01:37:00] CREATE default/show.html: 0
[2016-03-28 01:38:43] EDIT TheChef/views/default/show.html: -1
[2016-03-28 01:43:55] EDIT TheChef/views/default/show.html: 3
[2016-03-28 01:44:55] EDIT TheChef/views/default/show.html: 0
[2016-03-28 01:45:12] EDIT TheChef/views/default/show.html: 0
[2016-03-28 02:11:44] EDIT TheChef/views/default/show.html: 0
[2016-03-28 02:11:52] EDIT TheChef/controllers/default.py: 0
[2016-03-28 02:11:54] EDIT TheChef/models/db.py: 0
[2016-03-28 02:11:58] EDIT TheChef/models/db.py: 0
[2016-03-28 16:21:44] EDIT TheChef/models/db.py: 0
[2016-03-28 17:05:46] EDIT TheChef/controllers/default.py: 7
[2016-03-28 17:06:47] CREATE default/mypage.html: 0
[2016-03-28 17:07:02] EDIT TheChef/controllers/default.py: 0
[2016-03-28 17:07:54] EDIT TheChef/views/default/mypage.html: 28
[2016-03-28 17:12:49] EDIT TheChef/models/db.py: 1
[2016-03-28 17:18:54] EDIT TheChef/views/default/mypage.html: 1
[2016-03-28 17:20:42] CREATE default/edit.html: 0
[2016-03-28 17:21:39] EDIT TheChef/views/default/edit.html: -1
[2016-03-28 17:28:19] EDIT TheChef/views/default/edit.html: 0
[2016-03-28 17:31:13] EDIT TheChef/views/default/mypage.html: 0
[2016-03-28 17:33:47] EDIT TheChef/views/default/show.html: 4
[2016-03-28 17:35:18] EDIT TheChef/views/default/show.html: 0
[2016-03-28 17:36:18] EDIT TheChef/views/default/show.html: 0
[2016-03-28 17:37:30] EDIT TheChef/views/default/show.html: 0
[2016-03-28 17:37:55] EDIT TheChef/views/default/show.html: 0
[2016-03-28 17:39:34] EDIT TheChef/views/default/show.html: 0
[2016-03-28 17:40:10] EDIT TheChef/views/default/show.html: 0
[2016-03-28 17:40:33] EDIT TheChef/views/default/show.html: 0
[2016-03-28 17:41:01] EDIT TheChef/views/default/show.html: 0
[2016-03-28 17:41:02] EDIT TheChef/views/default/show.html: 0
[2016-03-28 17:41:27] EDIT TheChef/views/default/show.html: 0
[2016-03-28 17:41:59] EDIT TheChef/views/default/show.html: 0
[2016-03-28 17:44:00] EDIT TheChef/views/default/show.html: 0
[2016-03-28 17:46:53] EDIT TheChef/views/default/show.html: 0
[2016-03-28 17:47:32] EDIT TheChef/views/default/show.html: 0
[2016-03-28 17:47:44] EDIT TheChef/views/default/show.html: 0
[2016-03-28 17:49:56] EDIT TheChef/views/default/show.html: 0
[2016-03-28 17:50:25] EDIT TheChef/views/default/show.html: 0
[2016-03-28 17:50:50] EDIT TheChef/views/default/show.html: 0
[2016-03-28 17:51:17] EDIT TheChef/views/default/show.html: 0
[2016-03-28 17:51:41] EDIT TheChef/views/default/show.html: 0
[2016-03-28 17:56:44] EDIT TheChef/views/default/show.html: 0
[2016-03-28 18:59:14] EDIT TheChef/views/default/show.html: 0
[2016-03-28 18:59:24] EDIT TheChef/views/default/show.html: 0
[2016-03-28 19:00:22] EDIT TheChef/views/default/show.html: 0
[2016-03-28 19:00:23] EDIT TheChef/views/default/show.html: 0
[2016-03-28 19:00:38] EDIT TheChef/views/default/show.html: 0
[2016-03-28 19:01:18] EDIT TheChef/views/default/show.html: 0
[2016-03-28 19:02:14] EDIT TheChef/views/default/show.html: 0
[2016-03-28 19:12:46] EDIT TheChef/models/db.py: 3
[2016-03-28 19:15:18] EDIT TheChef/models/db.py: 1
[2016-03-28 19:18:50] EDIT TheChef/views/default/index.html: 1
[2016-03-28 19:21:26] EDIT TheChef/controllers/default.py: 2
[2016-03-28 19:21:54] EDIT TheChef/models/db.py: 0
[2016-03-28 19:22:30] EDIT TheChef/models/db.py: 0
[2016-03-28 19:25:59] EDIT TheChef/views/default/index.html: 0
[2016-03-28 19:26:29] EDIT TheChef/views/default/index.html: 0
[2016-03-28 19:26:57] EDIT TheChef/views/default/index.html: 0
[2016-03-28 19:28:18] EDIT TheChef/views/default/index.html: 0
[2016-03-28 19:29:37] EDIT TheChef/views/default/index.html: 0
[2016-03-28 19:32:57] EDIT TheChef/controllers/default.py: 3
[2016-03-28 19:34:04] EDIT TheChef/controllers/default.py: 0
[2016-03-28 19:35:21] EDIT TheChef/controllers/default.py: 0
[2016-03-28 19:35:30] EDIT TheChef/controllers/default.py: 0
[2016-03-28 19:35:31] EDIT TheChef/controllers/default.py: 0
[2016-03-28 19:37:04] EDIT TheChef/controllers/default.py: 0
[2016-03-28 19:37:23] EDIT TheChef/controllers/default.py: 0
[2016-03-28 19:37:25] EDIT TheChef/controllers/default.py: 0
[2016-03-28 19:37:27] EDIT TheChef/controllers/default.py: 0
[2016-03-28 19:37:54] EDIT TheChef/controllers/default.py: 0
[2016-03-28 19:41:43] EDIT TheChef/models/db.py: 1
[2016-03-28 19:41:56] EDIT TheChef/models/db.py: 0
[2016-03-28 19:52:15] EDIT TheChef/models/db.py: 0
[2016-03-28 19:54:49] EDIT TheChef/controllers/default.py: 1
[2016-03-28 21:36:32] EDIT TheChef/controllers/default.py: 3
[2016-03-28 21:37:45] EDIT TheChef/views/default/show.html: 6
[2016-03-28 21:38:16] EDIT TheChef/views/default/show.html: 0
[2016-03-28 21:38:23] EDIT TheChef/models/db.py: 0
[2016-03-28 21:38:43] EDIT TheChef/controllers/default.py: 0
[2016-03-28 21:39:58] EDIT TheChef/models/db.py: 0
[2016-03-28 21:41:37] EDIT TheChef/models/db.py: 0
[2016-03-28 22:59:13] EDIT TheChef/models/db.py: 2
[2016-03-28 23:04:51] EDIT TheChef/controllers/default.py: -1
[2016-03-28 23:24:30] EDIT TheChef/controllers/default.py: 0
[2016-03-28 23:36:17] EDIT TheChef/controllers/default.py: 6
[2016-03-28 23:39:04] EDIT TheChef/models/db.py: 1
[2016-03-28 23:39:16] EDIT TheChef/models/db.py: 0
[2016-03-28 23:44:07] EDIT TheChef/models/db.py: 1
[2016-03-29 01:08:18] EDIT TheChef/controllers/default.py: 0
[2016-03-29 01:16:49] EDIT TheChef/views/default/show.html: 0
[2016-03-29 01:17:33] EDIT TheChef/views/default/show.html: 0
[2016-03-29 01:18:10] EDIT TheChef/views/default/show.html: 0
[2016-03-29 01:19:30] EDIT TheChef/views/default/show.html: 0
[2016-03-29 01:19:57] EDIT TheChef/views/default/show.html: 0
[2016-03-29 01:20:18] EDIT TheChef/views/default/show.html: 0
[2016-03-29 01:22:35] EDIT TheChef/views/default/show.html: 0
[2016-03-29 01:25:33] EDIT TheChef/controllers/default.py: 0
[2016-03-29 09:55:05] EDIT TheChef/views/default/show.html: 0
[2016-03-29 10:16:59] EDIT TheChef/views/default/show.html: 0
[2016-03-29 10:24:39] EDIT TheChef/views/default/show.html: 0
[2016-03-29 10:34:17] EDIT TheChef/views/default/show.html: 0
[2016-03-29 10:36:41] EDIT TheChef/views/default/index.html: 0
[2016-03-29 10:38:25] EDIT TheChef/views/default/show.html: 0
[2016-03-29 12:23:15] EDIT TheChef/views/default/show.html: 0
[2016-03-29 12:27:55] EDIT TheChef/views/default/show.html: 0
[2016-03-29 12:28:31] EDIT TheChef/views/default/show.html: -1
[2016-03-29 12:28:32] EDIT TheChef/views/default/show.html: 0
[2016-03-29 12:42:16] EDIT TheChef/views/default/show.html: 0
[2016-03-29 12:49:46] EDIT TheChef/models/db.py: -4
[2016-03-29 12:51:42] EDIT TheChef/controllers/default.py: -5
[2016-03-29 12:51:50] EDIT TheChef/controllers/default.py: -1
[2016-03-29 12:57:26] EDIT TheChef/controllers/default.py: 0
[2016-03-29 12:57:44] EDIT TheChef/models/db.py: -3
[2016-03-29 13:00:12] EDIT TheChef/controllers/default.py: -2
[2016-03-29 13:06:07] EDIT TheChef/views/default/show.html: 7
[2016-03-29 13:07:06] EDIT TheChef/views/default/show.html: 0
[2016-03-29 13:09:08] EDIT TheChef/views/default/show.html: 2
[2016-03-29 13:12:47] EDIT TheChef/views/default/show.html: 0
[2016-03-29 13:13:32] EDIT TheChef/views/default/show.html: 0
[2016-03-29 13:15:15] EDIT TheChef/views/default/index.html: 14
[2016-03-29 13:15:23] EDIT TheChef/views/default/show.html: -14
[2016-03-29 13:16:36] EDIT TheChef/views/default/index.html: -5
[2016-03-29 13:24:01] EDIT TheChef/views/default/index.html: 0
[2016-03-29 13:24:30] EDIT TheChef/controllers/default.py: 0
[2016-03-29 13:26:47] EDIT TheChef/controllers/default.py: 6
[2016-03-29 13:27:32] EDIT TheChef/models/db.py: 6
[2016-03-29 13:27:58] EDIT TheChef/controllers/default.py: -3
[2016-03-29 13:28:51] CREATE default/feedback.html: 0
[2016-03-29 13:29:12] EDIT TheChef/views/default/feedback.html: 29
[2016-03-29 13:29:53] EDIT TheChef/views/default/feedback.html: -1
[2016-03-29 13:35:45] CREATE default/reviews.html: 0
[2016-03-29 13:35:55] EDIT TheChef/views/default/feedback.html: 0
[2016-03-29 13:39:41] EDIT TheChef/models/db.py: 0
[2016-03-29 13:40:34] EDIT TheChef/models/db.py: 0
[2016-03-29 13:41:37] EDIT TheChef/models/db.py: 0
[2016-03-29 13:42:11] EDIT TheChef/models/db.py: 0
[2016-03-29 13:42:31] EDIT TheChef/models/db.py: 0
[2016-03-29 13:43:01] EDIT TheChef/models/db.py: 0
[2016-03-29 13:45:37] EDIT TheChef/views/default/reviews.html: 8
[2016-03-29 13:50:44] EDIT TheChef/controllers/default.py: 7
[2016-03-29 13:51:25] EDIT TheChef/controllers/default.py: 0
[2016-03-29 13:52:06] EDIT TheChef/views/default/reviews.html: 0
[2016-03-29 14:04:43] EDIT TheChef/views/default/reviews.html: 0
[2016-03-29 14:05:19] EDIT TheChef/views/default/reviews.html: 0
[2016-03-29 14:05:21] EDIT TheChef/views/default/reviews.html: 0
[2016-03-29 14:50:38] EDIT TheChef/views/default/index.html: 1
[2016-03-29 14:51:14] EDIT TheChef/views/default/index.html: 0
[2016-03-29 14:51:45] EDIT TheChef/views/default/reviews.html: 13
[2016-03-29 14:55:19] EDIT TheChef/views/default/reviews.html: -7
[2016-03-29 14:55:28] EDIT TheChef/views/default/reviews.html: 0
[2016-03-29 14:55:47] EDIT TheChef/views/default/reviews.html: 0
[2016-03-29 14:58:36] EDIT TheChef/views/default/reviews.html: 0
[2016-03-29 14:59:55] EDIT TheChef/views/default/reviews.html: 0
[2016-03-29 15:03:55] EDIT TheChef/models/db.py: 0
[2016-03-29 15:04:51] EDIT TheChef/models/db.py: 0
[2016-03-29 15:16:24] EDIT TheChef/models/menu.py: 1
[2016-03-29 15:22:17] EDIT TheChef/views/default/index.html: 0
[2016-03-29 15:41:25] EDIT TheChef/models/menu.py: -1
[2016-03-29 15:43:27] EDIT TheChef/models/menu.py: 0
[2016-03-29 15:47:59] EDIT TheChef/models/menu.py: 0
[2016-03-29 15:56:28] EDIT TheChef/models/menu.py: -87
[2016-03-29 16:09:58] EDIT TheChef/controllers/default.py: 0
[2016-03-29 16:19:43] EDIT TheChef/controllers/default.py: 0
[2016-03-29 16:23:28] EDIT TheChef/views/default/create.html: 0
[2016-03-29 17:01:02] EDIT TheChef/models/menu.py: 0
[2016-03-29 17:05:11] EDIT TheChef/views/default/reviews.html: 0
[2016-03-29 17:05:25] EDIT TheChef/views/default/reviews.html: 0
[2016-03-29 17:08:00] EDIT TheChef/views/default/reviews.html: 6
[2016-03-29 17:09:05] EDIT TheChef/views/default/reviews.html: 0
[2016-03-29 17:10:35] EDIT TheChef/views/default/reviews.html: 0
[2016-03-29 17:11:46] EDIT TheChef/views/default/reviews.html: 0
[2016-03-29 17:12:11] EDIT TheChef/views/default/reviews.html: 0
[2016-03-29 17:14:49] EDIT TheChef/views/default/reviews.html: 0
[2016-03-29 17:15:30] EDIT TheChef/views/default/reviews.html: 0
[2016-03-29 17:16:12] EDIT TheChef/views/default/reviews.html: 0
[2016-03-29 17:16:44] EDIT TheChef/views/default/reviews.html: 0
[2016-03-29 17:19:03] EDIT TheChef/views/default/reviews.html: 0
[2016-03-29 17:21:21] EDIT TheChef/views/default/reviews.html: 0
[2016-03-29 17:23:20] EDIT TheChef/views/default/index.html: 0
[2016-03-29 17:24:13] EDIT TheChef/views/default/index.html: 0
[2016-03-29 17:24:40] EDIT TheChef/views/default/index.html: 0
[2016-03-29 17:24:51] EDIT TheChef/views/default/index.html: 0
[2016-03-29 17:25:16] EDIT TheChef/views/default/index.html: 0
[2016-03-29 17:25:44] EDIT TheChef/views/default/index.html: 0
[2016-03-29 17:25:58] EDIT TheChef/views/default/index.html: 0
[2016-03-29 17:26:18] EDIT TheChef/views/default/index.html: 0
[2016-03-29 17:26:32] EDIT TheChef/views/default/index.html: 0
[2016-03-29 17:26:53] EDIT TheChef/views/default/index.html: 0
[2016-03-29 17:31:36] EDIT TheChef/views/layout.html: 0
[2016-03-29 17:31:53] EDIT TheChef/views/layout.html: 0
[2016-03-29 17:32:14] EDIT TheChef/views/layout.html: 0
[2016-03-29 17:33:34] EDIT TheChef/views/layout.html: 0
[2016-03-29 17:34:53] EDIT TheChef/views/layout.html: 0
[2016-03-29 17:35:15] EDIT TheChef/views/layout.html: 0
[2016-03-29 17:38:02] EDIT TheChef/static/plugin_layouts/layouts/Pressurized/style.css: -2
[2016-03-29 17:42:42] EDIT TheChef/static/plugin_layouts/layouts/Pressurized/style.css: 0
[2016-03-29 17:46:06] EDIT TheChef/views/layout.html: 1
[2016-03-29 17:46:37] EDIT TheChef/views/layout.html: 0
[2016-03-29 17:47:59] EDIT TheChef/views/layout.html: 0
[2016-03-29 17:53:47] EDIT TheChef/views/default/index.html: 5
[2016-03-29 17:54:00] EDIT TheChef/views/default/index.html: 1
[2016-03-29 17:56:45] EDIT TheChef/views/layout.html: 0
[2016-03-29 17:57:32] EDIT TheChef/views/layout.html: 0
[2016-03-29 17:59:35] EDIT TheChef/views/layout.html: 0
[2016-03-29 18:02:56] EDIT TheChef/views/layout.html: 0
[2016-03-29 18:04:05] EDIT TheChef/views/layout.html: -2
[2016-03-29 18:04:35] EDIT TheChef/views/layout.html: -2
[2016-03-29 18:08:27] EDIT TheChef/views/layout.html: -4
[2016-03-29 18:40:47] EDIT TheChef/views/layout.html: 1
[2016-03-29 18:43:09] EDIT TheChef/views/layout.html: 0
[2016-03-29 18:44:01] EDIT TheChef/models/db.py: 3
[2016-03-29 18:46:23] EDIT TheChef/views/default/show.html: 1
[2016-03-29 18:53:56] EDIT TheChef/models/db.py: -3
[2016-03-29 18:54:11] EDIT TheChef/views/default/show.html: -3
[2016-03-29 18:55:56] EDIT TheChef/models/db.py: 0
[2016-03-29 18:56:21] EDIT TheChef/views/default/show.html: 2
[2016-03-29 18:57:24] EDIT TheChef/controllers/default.py: -2
[2016-03-29 18:59:44] EDIT TheChef/controllers/default.py: 0
[2016-03-29 19:12:58] EDIT TheChef/controllers/default.py: 0
[2016-03-29 19:13:09] EDIT TheChef/controllers/default.py: 0
[2016-03-29 19:13:10] EDIT TheChef/controllers/default.py: 0
[2016-03-29 19:13:29] EDIT TheChef/controllers/default.py: 0
[2016-03-29 19:14:06] EDIT TheChef/controllers/default.py: 0
[2016-03-29 19:15:08] EDIT TheChef/controllers/default.py: -7
[2016-03-29 19:18:44] EDIT TheChef/models/db.py: 0
[2016-03-29 19:20:26] EDIT TheChef/views/layout.html: 0
[2016-03-29 19:31:17] EDIT TheChef/controllers/default.py: 0
[2016-03-29 19:31:28] EDIT TheChef/controllers/default.py: 0
[2016-03-29 19:39:18] EDIT TheChef/controllers/default.py: 0
[2016-03-29 19:39:36] EDIT TheChef/controllers/default.py: 0
[2016-03-29 19:39:37] EDIT TheChef/controllers/default.py: 0
[2016-03-29 19:40:23] EDIT TheChef/controllers/default.py: -2
[2016-03-29 19:41:10] EDIT TheChef/controllers/default.py: -4
[2016-03-29 19:50:57] EDIT TheChef/static/plugin_layouts/layouts/Pressurized/style.css: 0
[2016-03-29 19:51:19] EDIT TheChef/controllers/default.py: 0
[2016-03-29 20:10:29] EDIT TheChef/controllers/default.py: -1
[2016-03-29 20:15:05] EDIT TheChef/controllers/default.py: 0
[2016-03-29 20:26:33] EDIT TheChef/models/db.py: 0
[2016-03-29 20:35:31] EDIT TheChef/controllers/default.py: 5
[2016-03-29 20:37:02] EDIT TheChef/models/db.py: 3
[2016-03-29 20:37:03] EDIT TheChef/models/db.py: 0
[2016-03-29 20:37:50] EDIT TheChef/views/default/show.html: 3
[2016-03-29 20:47:59] EDIT TheChef/models/db.py: 0
[2016-03-29 21:47:19] EDIT TheChef/views/default/show.html: 2
[2016-03-29 21:48:20] EDIT TheChef/views/default/show.html: 4
[2016-03-29 21:49:12] EDIT TheChef/views/default/show.html: 0
[2016-03-29 21:51:17] EDIT TheChef/views/default/show.html: 0
[2016-03-29 21:51:30] EDIT TheChef/views/default/show.html: 0
[2016-03-29 21:51:57] EDIT TheChef/views/default/show.html: 0
[2016-03-29 22:01:53] EDIT TheChef/views/default/show.html: 0
[2016-03-29 22:07:29] EDIT TheChef/views/default/show.html: 0
[2016-03-29 22:08:45] EDIT TheChef/views/default/show.html: 0
[2016-03-29 22:10:13] EDIT TheChef/views/default/show.html: 0
[2016-03-29 22:11:23] EDIT TheChef/views/default/show.html: 2
[2016-03-29 22:12:20] EDIT TheChef/views/default/show.html: 2
[2016-03-29 22:13:04] EDIT TheChef/views/default/show.html: 0
[2016-03-29 22:13:31] EDIT TheChef/views/default/show.html: 0
[2016-03-29 22:15:27] EDIT TheChef/views/default/show.html: 0
[2016-03-29 22:30:43] EDIT TheChef/views/default/show.html: 0
[2016-03-29 22:31:02] EDIT TheChef/views/default/show.html: 0
[2016-03-29 22:31:27] EDIT TheChef/views/default/show.html: 0
[2016-03-29 22:31:43] EDIT TheChef/views/default/show.html: 0
[2016-03-29 22:32:48] EDIT TheChef/views/default/show.html: 0
[2016-03-29 22:33:03] EDIT TheChef/views/default/show.html: 0
[2016-03-29 22:33:57] EDIT TheChef/views/default/show.html: 0
[2016-03-29 22:35:52] EDIT TheChef/views/default/index.html: 0
[2016-03-29 22:39:30] EDIT TheChef/views/default/index.html: 0
[2016-03-29 22:40:01] EDIT TheChef/views/default/index.html: 0
[2016-03-29 22:41:21] EDIT TheChef/views/default/index.html: 0
[2016-03-29 22:41:42] EDIT TheChef/views/default/index.html: 0
[2016-03-29 22:45:13] EDIT TheChef/views/layout.html: -8
[2016-03-29 22:46:21] EDIT TheChef/views/default/feedback.html: -28
[2016-03-29 22:47:41] EDIT TheChef/views/default/feedback.html: 0
[2016-03-29 23:01:09] EDIT TheChef/views/default/index.html: 0
[2016-03-29 23:05:39] EDIT TheChef/controllers/default.py: 1
[2016-03-29 23:12:41] EDIT TheChef/models/db.py: 0
[2016-03-29 23:16:11] EDIT TheChef/views/default/index.html: 0
[2016-03-29 23:16:27] EDIT TheChef/views/default/index.html: 0
[2016-03-30 00:07:00] EDIT TheChef/controllers/default.py: 1
[2016-03-30 00:07:07] EDIT TheChef/controllers/default.py: 0
[2016-03-30 00:09:16] EDIT TheChef/controllers/default.py: -1
[2016-03-30 00:09:36] EDIT TheChef/controllers/default.py: 0
[2016-03-30 00:11:18] EDIT TheChef/controllers/default.py: 0
[2016-03-30 00:11:31] EDIT TheChef/controllers/default.py: 0
[2016-03-30 00:13:58] EDIT TheChef/controllers/default.py: 0
[2016-03-30 00:14:06] EDIT TheChef/controllers/default.py: 1
[2017-05-07 11:32:24] EDIT MatrimonyNew/models/db.py: 3
[2017-05-07 11:34:37] EDIT MatrimonyNew/controllers/default.py: 10
[2017-05-07 11:36:36] EDIT MatrimonyNew/controllers/default.py: -2
[2017-05-07 11:39:28] EDIT MatrimonyNew/views/default/index.html: 0
[2017-05-07 11:39:52] EDIT MatrimonyNew/views/default/index.html: 0
[2017-05-07 11:42:07] EDIT MatrimonyNew/views/default/index.html: 2
[2017-05-07 11:43:32] EDIT MatrimonyNew/views/default/index.html: -8
[2017-05-07 11:45:57] EDIT MatrimonyNew/views/default/index.html: -37
[2017-05-07 11:46:32] EDIT MatrimonyNew/views/default/index.html: 1
[2017-05-07 11:48:22] EDIT MatrimonyNew/views/default/index.html: 2
[2017-05-07 11:51:22] EDIT MatrimonyNew/views/default/index.html: 0
[2017-05-07 11:53:38] EDIT MatrimonyNew/controllers/default.py: 12
[2017-05-07 11:55:25] EDIT MatrimonyNew/controllers/default.py: 0
[2017-05-07 11:55:53] EDIT MatrimonyNew/controllers/default.py: 0
[2017-05-07 11:58:12] EDIT MatrimonyNew/controllers/default.py: 3
[2017-05-07 12:19:30] DELETE MatrimonyNew/views/default/create.html: -3
[2017-05-07 12:19:46] DELETE MatrimonyNew/views/default/edit.html: -2
[2017-05-07 12:19:51] DELETE MatrimonyNew/views/default/mypage.html: -32
[2017-05-07 12:20:00] DELETE MatrimonyNew/views/default/show.html: -22
[2017-05-07 12:21:48] EDIT MatrimonyNew/controllers/default.py: -50
[2017-05-07 12:22:07] EDIT MatrimonyNew/models/db.py: -19
[2017-05-07 12:25:08] EDIT MatrimonyNew/models/db.py: 0
[2017-05-07 12:53:06] EDIT MatrimonyNew/models/db.py: 33
[2017-05-07 12:55:19] EDIT MatrimonyNew/models/db.py: 1
[2017-05-07 12:55:47] EDIT MatrimonyNew/models/db.py: 0
[2017-05-07 12:56:20] EDIT MatrimonyNew/models/db.py: 0
[2017-05-07 12:57:14] EDIT MatrimonyNew/models/db.py: 0
[2017-05-07 12:58:47] EDIT MatrimonyNew/models/db.py: 0
[2017-05-07 13:01:46] EDIT MatrimonyNew/models/db.py: 0
[2017-05-07 13:03:49] EDIT MatrimonyNew/models/db.py: 0
[2017-05-07 13:04:09] EDIT MatrimonyNew/models/db.py: 0
[2017-05-07 13:04:30] EDIT MatrimonyNew/models/db.py: 0
[2017-05-07 13:04:48] EDIT MatrimonyNew/models/db.py: 0
[2017-05-07 13:05:14] EDIT MatrimonyNew/models/db.py: 0
[2017-05-07 13:06:39] EDIT MatrimonyNew/models/db.py: 0
[2017-05-07 13:09:03] EDIT MatrimonyNew/models/db.py: 0
[2017-05-07 13:11:33] EDIT MatrimonyNew/models/db.py: 0
[2017-05-07 13:11:54] EDIT MatrimonyNew/models/db.py: 0
[2017-05-07 13:12:04] EDIT MatrimonyNew/models/db.py: 0
[2017-05-07 13:14:22] EDIT MatrimonyNew/models/db.py: 0
[2017-05-07 13:15:27] EDIT MatrimonyNew/models/db.py: 0
[2017-05-07 13:21:19] EDIT MatrimonyNew/controllers/default.py: 3
[2017-05-07 13:27:10] EDIT MatrimonyNew/models/db.py: 5
[2017-05-07 13:27:28] EDIT MatrimonyNew/models/db.py: 0
[2017-05-07 13:28:04] EDIT MatrimonyNew/models/db.py: 1
[2017-05-07 13:30:51] EDIT MatrimonyNew/models/db.py: 2
[2017-05-07 13:31:16] EDIT MatrimonyNew/models/db.py: 0
[2017-05-07 15:01:51] EDIT MatrimonyNew/models/db.py: 0
[2017-05-07 15:02:33] EDIT MatrimonyNew/models/db.py: 0
[2017-05-07 15:02:52] EDIT MatrimonyNew/models/db.py: 0
[2017-05-07 15:03:41] CREATE default/upload_profile.html: 0
[2017-05-07 15:50:23] CREATE default/upload_profile_form.js: 0
[2017-05-07 15:51:20] EDIT MatrimonyNew/views/default/upload_profile.html: 12
[2017-05-07 16:06:50] EDIT MatrimonyNew/models/db.py: 0
[2017-05-07 16:06:53] EDIT MatrimonyNew/views/default/upload_profile.html: 4
[2017-05-07 16:18:12] EDIT MatrimonyNew/models/db.py: 0
[2017-05-07 16:18:14] EDIT MatrimonyNew/views/default/upload_profile.html: 19
[2017-05-07 16:19:01] EDIT MatrimonyNew/views/default/upload_profile.html: 0
[2017-05-07 16:19:26] EDIT MatrimonyNew/views/default/upload_profile.html: 0
[2017-05-07 17:25:10] EDIT MatrimonyNew/models/db.py: 0
[2017-05-07 17:26:21] EDIT MatrimonyNew/views/default/upload_profile.html: 0
[2017-05-07 17:26:48] EDIT MatrimonyNew/views/default/upload_profile.html: 0
[2017-05-07 17:27:12] EDIT MatrimonyNew/views/default/upload_profile.html: 0
[2017-05-07 17:27:13] EDIT MatrimonyNew/views/default/upload_profile.html: 0
[2017-05-07 17:27:57] EDIT MatrimonyNew/views/default/upload_profile.html: 0
[2017-05-07 17:28:52] EDIT MatrimonyNew/models/db.py: 0
[2017-05-07 17:28:53] EDIT MatrimonyNew/models/db.py: 0
[2017-05-07 17:29:20] EDIT MatrimonyNew/models/db.py: 0
[2017-05-07 17:31:47] EDIT MatrimonyNew/models/db.py: 0
[2017-05-07 17:33:01] EDIT MatrimonyNew/views/default/upload_profile.html: 0
[2017-05-07 17:36:56] EDIT MatrimonyNew/views/default/upload_profile.html: 0
[2017-05-07 17:37:12] EDIT MatrimonyNew/views/default/upload_profile.html: 0
[2017-05-07 17:42:08] EDIT MatrimonyNew/views/default/upload_profile.html: -1
[2017-05-07 17:43:00] EDIT MatrimonyNew/models/db.py: 0
[2017-05-07 17:43:54] EDIT MatrimonyNew/views/default/upload_profile.html: 1
[2017-05-07 17:54:04] EDIT MatrimonyNew/models/db.py: 0
[2017-05-07 18:01:25] EDIT MatrimonyNew/models/db.py: 0
[2017-05-07 18:07:04] EDIT MatrimonyNew/views/default/upload_profile.html: 1
[2017-05-07 18:08:56] EDIT MatrimonyNew/models/db.py: 0
[2017-05-07 18:14:13] EDIT MatrimonyNew/models/db.py: 0
[2017-05-07 18:14:20] EDIT MatrimonyNew/views/default/upload_profile.html: 0
[2017-05-07 18:17:26] EDIT MatrimonyNew/views/default/upload_profile.html: 1
[2017-05-07 18:31:29] EDIT MatrimonyNew/models/db.py: 0
[2017-05-07 18:34:40] EDIT MatrimonyNew/views/default/upload_profile.html: 1
[2017-05-07 19:37:07] EDIT MatrimonyNew/models/db.py: 0
[2017-05-07 19:37:21] EDIT MatrimonyNew/models/db.py: 0
[2017-05-07 19:49:16] CREATE js/upload_profile.js: 0
[2017-05-07 19:49:43] EDIT MatrimonyNew/views/default/upload_profile.html: -1
[2017-05-07 19:53:49] EDIT MatrimonyNew/static/js/upload_profile.js: 5
[2017-05-07 19:54:33] CREATE default/edit_profile.html: 0
[2017-05-07 19:54:45] EDIT MatrimonyNew/views/default/edit_profile.html: 37
[2017-05-07 22:09:24] EDIT MatrimonyNew/models/db.py: 0
[2017-05-07 22:09:58] EDIT MatrimonyNew/models/db.py: 0
[2017-05-07 22:10:45] EDIT MatrimonyNew/models/db.py: 0
[2017-05-07 22:11:11] EDIT MatrimonyNew/models/db.py: 0
[2017-05-07 22:11:41] EDIT MatrimonyNew/models/db.py: 0
[2017-05-07 22:11:42] EDIT MatrimonyNew/models/db.py: 0
